[14:10:17] [ServerMain/WARN]: [oshi.driver.windows.perfmon.PerfmonDisabled] Invalid registry value type detected for PerfOS counters. Should be REG_DWORD. Ignoring: HKEY_LOCAL_MACHINE\SYSTEM\CurrentControlSet\Services\PerfOS\Performance\Disable Performance Counters.
[14:10:25] [ServerMain/INFO]: Environment: authHost='https://authserver.mojang.com', accountsHost='https://api.mojang.com', sessionHost='https://sessionserver.mojang.com', servicesHost='https://api.minecraftservices.com', name='PROD'
[14:10:25] [ServerMain/INFO]: Found new data pack file/bukkit, loading it automatically
[14:10:28] [ServerMain/INFO]: Loaded 7 recipes
[14:10:29] [Server thread/INFO]: Starting minecraft server version 1.20.1
[14:10:29] [Server thread/INFO]: Loading properties
[14:10:29] [Server thread/INFO]: This server is running Purpur version git-Purpur-2062 (MC: 1.20.1) (Implementing API version 1.20.1-R0.1-SNAPSHOT) (Git: f6fd5f6 on HEAD)
[14:10:30] [Server thread/INFO]: Server Ping Player Sample Count: 12
[14:10:30] [Server thread/INFO]: Using 4 threads for Netty based IO
[14:10:30] [Server thread/INFO]: [ChunkTaskScheduler] Chunk system is using 1 I/O threads, 3 worker threads, and gen parallelism of 3 threads
[14:10:31] [Server thread/WARN]: [Pufferfish] Will not enable SIMD! These optimizations are only safely supported on Java 17, Java 18, and Java 19.
[14:10:31] [Server thread/INFO]: Default game type: SURVIVAL
[14:10:31] [Server thread/INFO]: Generating keypair
[14:10:31] [Server thread/INFO]: Starting Minecraft server on *:25565
[14:10:32] [Server thread/INFO]: Using default channel type
[14:10:32] [Server thread/INFO]: Paper: Using Java compression from Velocity.
[14:10:32] [Server thread/INFO]: Paper: Using Java cipher from Velocity.
[14:10:32] [Server thread/INFO]: [spark] Loading server plugin spark v1.10.104
[14:10:32] [Server thread/INFO]: [Computers] Loading server plugin Computers v1.0
[14:10:32] [Server thread/INFO]: Server permissions file permissions.yml is empty, ignoring it
[14:10:32] [Server thread/INFO]: Preparing level "world"
[14:10:36] [Server thread/INFO]: Preparing start region for dimension minecraft:overworld
[14:10:36] [Server thread/INFO]: Time elapsed: 111 ms
[14:10:36] [Server thread/INFO]: Preparing start region for dimension minecraft:the_nether
[14:10:36] [Server thread/INFO]: Time elapsed: 94 ms
[14:10:36] [Server thread/INFO]: Preparing start region for dimension minecraft:the_end
[14:10:36] [Server thread/INFO]: Time elapsed: 21 ms
[14:10:36] [Server thread/INFO]: [spark] Enabling spark v1.10.104
[14:10:37] [Server thread/INFO]: [spark] Using Paper ServerTickStartEvent for tick monitoring
[14:10:37] [Server thread/INFO]: [spark] Starting background profiler...
[14:10:37] [Server thread/INFO]: [spark] The async-profiler engine is not supported for your os/arch (windows11/amd64), so the built-in Java engine will be used instead.
[14:10:37] [Server thread/INFO]: [Computers] Enabling Computers v1.0
[14:10:37] [Server thread/INFO]: §eProbíhá inicializace počítačů...
[14:10:37] [Server thread/INFO]: [NBTAPI] [NBTAPI] Found Minecraft: v1_20_R1! Trying to find NMS support
[14:10:37] [Server thread/INFO]: [NBTAPI] [NBTAPI] NMS support 'MC1_20_R1' loaded!
[14:10:37] [Server thread/INFO]: [NBTAPI] [NBTAPI] Using the plugin 'Computers' to create a bStats instance!
[14:10:37] [Server thread/WARN]: [NBTAPI] #########################################- NBTAPI -#########################################
[14:10:37] [Server thread/WARN]: [NBTAPI] The NBT-API inside Computers is located at 'de.tr7zw.nbtapi.utils'!
[14:10:37] [Server thread/WARN]: [NBTAPI] This package name is reserved for the official NBTAPI plugin, and not intended to be used for shading!
[14:10:37] [Server thread/WARN]: [NBTAPI] Please change the relocate to something else. For example: com.example.util.nbtapi
[14:10:37] [Server thread/WARN]: [NBTAPI] #########################################- NBTAPI -#########################################
[14:10:37] [Server thread/INFO]: §aVeškerá inicializace dokončena!
[14:10:37] [Server thread/INFO]: Running delayed init tasks
[14:10:37] [Server thread/INFO]: Done (8.871s)! For help, type "help"
[14:10:45] [User Authenticator #0/INFO]: UUID of player ganamaga is 39f2b235-b700-49d5-b9e8-a186313fa062
[14:10:45] [Server thread/INFO]: ganamaga joined the game
[14:10:45] [Server thread/INFO]: ganamaga[/127.0.0.1:51957] logged in with entity id 38 at ([world]32.5, 66.0, -72.5)
[14:12:10] [Server thread/INFO]: ganamaga issued server command: /give @a iron_ingot{display:{Name:'["",{"text":"&quot;Karta&quot;","italic":false,"color":"aqua"}]'},Enchantments:[{lvl:10,id:unbreaking}],CustomModelData:14,level:0,override:1}
[14:12:10] [Server thread/INFO]: ganamaga has made the advancement [Acquire Hardware]
[14:12:10] [Server thread/INFO]: [ganamaga: Gave 1 [&quot;Karta&quot;] to ganamaga]
[14:12:14] [Server thread/INFO]: ganamaga issued server command: /register_pc
[14:12:55] [Server thread/INFO]: Unknown command. Type "/help" for help.
[14:13:51] [Server thread/INFO]: ganamaga lost connection: Disconnected
[14:13:51] [Server thread/INFO]: ganamaga left the game
[14:13:54] [Server thread/INFO]: Stopping server
[14:13:54] [Server thread/INFO]: [Computers] Disabling Computers v1.0
[14:13:54] [Server thread/INFO]: §eProbíhá vypínání počítačů...
[14:13:54] [Server thread/INFO]: §cVypínání dokončeno!
[14:13:54] [Server thread/INFO]: [spark] Disabling spark v1.10.104
[14:13:54] [Server thread/INFO]: Saving players
[14:13:54] [Server thread/INFO]: Saving worlds
[14:13:54] [Server thread/INFO]: Saving chunks for level 'ServerLevel[world]'/minecraft:overworld
[14:13:54] [Server thread/INFO]: [ChunkHolderManager] Waiting 60s for chunk system to halt for world 'world'
[14:13:54] [Server thread/INFO]: [ChunkHolderManager] Halted chunk system for world 'world'
[14:13:54] [Server thread/INFO]: [ChunkHolderManager] Saving all chunkholders for world 'world'
[14:13:57] [Server thread/INFO]: [ChunkHolderManager] Saved 2162 block chunks, 650 entity chunks, 0 poi chunks in world 'world' in 3,16s
[14:13:57] [Server thread/INFO]: ThreadedAnvilChunkStorage (world): All chunks are saved
[14:13:57] [Server thread/INFO]: Saving chunks for level 'ServerLevel[world_nether]'/minecraft:the_nether
[14:13:57] [Server thread/INFO]: [ChunkHolderManager] Waiting 60s for chunk system to halt for world 'world_nether'
[14:13:57] [Server thread/INFO]: [ChunkHolderManager] Halted chunk system for world 'world_nether'
[14:13:57] [Server thread/INFO]: [ChunkHolderManager] Saving all chunkholders for world 'world_nether'
[14:13:58] [Server thread/INFO]: [ChunkHolderManager] Saved 529 block chunks, 529 entity chunks, 0 poi chunks in world 'world_nether' in 0,78s
[14:13:58] [Server thread/INFO]: ThreadedAnvilChunkStorage (DIM-1): All chunks are saved
[14:13:58] [Server thread/INFO]: Saving chunks for level 'ServerLevel[world_the_end]'/minecraft:the_end
[14:13:58] [Server thread/INFO]: [ChunkHolderManager] Waiting 60s for chunk system to halt for world 'world_the_end'
[14:13:58] [Server thread/INFO]: [ChunkHolderManager] Halted chunk system for world 'world_the_end'
[14:13:58] [Server thread/INFO]: [ChunkHolderManager] Saving all chunkholders for world 'world_the_end'
[14:13:58] [Server thread/INFO]: [ChunkHolderManager] Saved 529 block chunks, 529 entity chunks, 0 poi chunks in world 'world_the_end' in 0,17s
[14:13:58] [Server thread/INFO]: ThreadedAnvilChunkStorage (DIM1): All chunks are saved
[14:13:58] [Server thread/INFO]: ThreadedAnvilChunkStorage: All dimensions are saved
[14:13:58] [Server thread/INFO]: Flushing Chunk IO
[14:13:58] [Server thread/INFO]: Closing Thread Pool
[14:13:58] [Server thread/INFO]: Closing Server
