[18:45:13] [ServerMain/WARN]: [oshi.driver.windows.perfmon.PerfmonDisabled] Invalid registry value type detected for PerfOS counters. Should be REG_DWORD. Ignoring: HKEY_LOCAL_MACHINE\SYSTEM\CurrentControlSet\Services\PerfOS\Performance\Disable Performance Counters.
[18:45:19] [ServerMain/INFO]: Environment: authHost='https://authserver.mojang.com', accountsHost='https://api.mojang.com', sessionHost='https://sessionserver.mojang.com', servicesHost='https://api.minecraftservices.com', name='PROD'
[18:45:21] [ServerMain/INFO]: Loaded 7 recipes
[18:45:21] [Server thread/INFO]: Starting minecraft server version 1.20.1
[18:45:21] [Server thread/INFO]: Loading properties
[18:45:21] [Server thread/INFO]: This server is running Purpur version git-Purpur-2062 (MC: 1.20.1) (Implementing API version 1.20.1-R0.1-SNAPSHOT) (Git: f6fd5f6 on HEAD)
[18:45:22] [Server thread/INFO]: Server Ping Player Sample Count: 12
[18:45:22] [Server thread/INFO]: Using 4 threads for Netty based IO
[18:45:22] [Server thread/INFO]: [ChunkTaskScheduler] Chunk system is using 1 I/O threads, 3 worker threads, and gen parallelism of 3 threads
[18:45:23] [Server thread/WARN]: [Pufferfish] Will not enable SIMD! These optimizations are only safely supported on Java 17, Java 18, and Java 19.
[18:45:23] [Server thread/INFO]: Default game type: SURVIVAL
[18:45:23] [Server thread/INFO]: Generating keypair
[18:45:23] [Server thread/INFO]: Starting Minecraft server on *:25565
[18:45:23] [Server thread/INFO]: Using default channel type
[18:45:23] [Server thread/INFO]: Paper: Using Java compression from Velocity.
[18:45:23] [Server thread/INFO]: Paper: Using Java cipher from Velocity.
[18:45:23] [Server thread/INFO]: [Skript] Loading server plugin Skript v2.9.2
[18:45:23] [Server thread/INFO]: [spark] Loading server plugin spark v1.10.104
[18:45:23] [Server thread/INFO]: [SkBee] Loading server plugin SkBee v3.6.1
[18:45:23] [Server thread/INFO]: Server permissions file permissions.yml is empty, ignoring it
[18:45:23] [Server thread/INFO]: Preparing level "world"
[18:45:24] [Server thread/INFO]: Preparing start region for dimension minecraft:overworld
[18:45:24] [Server thread/INFO]: Time elapsed: 236 ms
[18:45:24] [Server thread/INFO]: Preparing start region for dimension minecraft:the_nether
[18:45:24] [Server thread/INFO]: Time elapsed: 35 ms
[18:45:24] [Server thread/INFO]: Preparing start region for dimension minecraft:the_end
[18:45:24] [Server thread/INFO]: Time elapsed: 29 ms
[18:45:24] [Server thread/INFO]: [Skript] Enabling Skript v2.9.2
[18:45:25] [ForkJoinPool.commonPool-worker-1/INFO]: [Skript] You're currently running the latest stable version of Skript.
[18:45:32] [Server thread/INFO]: [Skript] Loaded 232918 aliases in 6455ms
[18:45:32] [Server thread/INFO]: [Skript]  ~ created by & © Peter Güttinger aka Njol ~
[18:45:32] [Server thread/INFO]: [spark] Enabling spark v1.10.104
[18:45:33] [Server thread/INFO]: [spark] Using Paper ServerTickStartEvent for tick monitoring
[18:45:33] [Server thread/INFO]: [spark] Starting background profiler...
[18:45:33] [Server thread/INFO]: [spark] The async-profiler engine is not supported for your os/arch (windows11/amd64), so the built-in Java engine will be used instead.
[18:45:33] [Server thread/INFO]: [SkBee] Enabling SkBee v3.6.1
[18:45:33] [Server thread/INFO]: [SkBee] Loading NBTApi...
[18:45:33] [Server thread/INFO]: [SkBee] [NBTAPI] Found Minecraft: v1_20_R1! Trying to find NMS support
[18:45:33] [Server thread/INFO]: [SkBee] [NBTAPI] NMS support 'MC1_20_R1' loaded!
[18:45:33] [Server thread/INFO]: [SkBee] Successfully loaded NBTApi!
[18:45:33] [Server thread/INFO]: [SkBee] NBT Elements successfully loaded
[18:45:33] [Server thread/INFO]: [SkBee] Text Component Elements successfully loaded
[18:45:33] [Server thread/INFO]: [SkBee] Advancement Elements successfully loaded
[18:45:33] [Server thread/INFO]: [SkBee] BossBar Elements successfully loaded
[18:45:33] [Server thread/INFO]: [SkBee] Bound Elements successfully loaded
[18:45:33] [Server thread/INFO]: [SkBee] Damage Source elements disabled (Requires Minecraft 1.20.4+)
[18:45:33] [Server thread/INFO]: [SkBee] Display Entity elements successfully loaded
[18:45:33] [Server thread/INFO]: [SkBee] Fishing elements successfully loaded
[18:45:33] [Server thread/INFO]: [SkBee] Game Event Elements successfully loaded
[18:45:33] [Server thread/INFO]: [SkBee] Item Component Elements successfully loaded
[18:45:33] [Server thread/INFO]: [SkBee] Particle Elements successfully loaded
[18:45:33] [Server thread/INFO]: [SkBee] RayTrace elements successfully loaded
[18:45:33] [Server thread/INFO]: [SkBee] Recipe Elements successfully loaded
[18:45:33] [Server thread/INFO]: [SkBee] Scoreboard Elements successfully loaded
[18:45:33] [Server thread/INFO]: [SkBee] Scoreboard Objective Elements successfully loaded
[18:45:33] [Server thread/INFO]: [SkBee] Statistic Elements successfully loaded
[18:45:33] [Server thread/INFO]: [SkBee] Structure Elements successfully loaded
[18:45:33] [Server thread/INFO]: [SkBee] Minecraft Tag elements successfully loaded
[18:45:33] [Server thread/INFO]: [SkBee] Team Elements successfully loaded
[18:45:33] [Server thread/INFO]: [SkBee] Tick Manager elements disabled (Requires Minecraft 1.20.4+)
[18:45:33] [Server thread/INFO]: [SkBee] Villager Elements successfully loaded
[18:45:33] [Server thread/INFO]: [SkBee] Virtual Furnace Elements disabled via config
[18:45:33] [Server thread/INFO]: [SkBee] World Border Elements successfully loaded
[18:45:33] [Server thread/INFO]: [SkBee] World Creator Elements successfully loaded
[18:45:33] [Server thread/INFO]: [SkBee] Chunk Generator Elements successfully loaded
[18:45:33] [Server thread/INFO]: [SkBee] Loaded (400) elements:
[18:45:33] [Server thread/INFO]: [SkBee]  - 55 events
[18:45:33] [Server thread/INFO]: [SkBee]  - 62 effects
[18:45:33] [Server thread/INFO]: [SkBee]  - 250 expressions
[18:45:33] [Server thread/INFO]: [SkBee]  - 22 conditions
[18:45:33] [Server thread/INFO]: [SkBee]  - 11 sections
[18:45:33] [Server thread/INFO]: [SkBee] Checking for update...
[18:45:33] [Server thread/INFO]: [SkBee] Plugin is up to date!
[18:45:33] [Server thread/INFO]: [SkBee] Successfully enabled v3.6.1 in 0,81 seconds
[18:45:34] [Server thread/INFO]: Running delayed init tasks
[18:45:34] [Server thread/INFO]: [Skript] Loading variables...
[18:45:34] [Server thread/INFO]: [Skript] Loaded 2 variables in 0.0 seconds
[18:45:34] [Server thread/INFO]: [Skript] Line 1: (comp.sk)
[18:45:34] [Server thread/INFO]:     Can't understand this structure: on right click on a block
[18:45:34] [Server thread/INFO]:     Line: on right click on a block:
[18:45:34] [Server thread/INFO]:  
[18:45:34] [Server thread/INFO]: [Skript] Loaded 1 script with a total of 0 structures in 0.04 seconds
[18:45:34] [Server thread/INFO]: [Skript] Finished loading.
[18:45:34] [Server thread/INFO]: Done (12.628s)! For help, type "help"
